Performing C SOURCE FILE Test CMAKE_HAVE_LIBC_PTHREAD failed with the following output:
Change Dir: /home/pml-omni/ros1_ws/src/driver-oak_ffc_4p_ros/build/CMakeFiles/CMakeTmp

Run Build Command(s):/usr/bin/make cmTC_2bb61/fast && /usr/bin/make -f CMakeFiles/cmTC_2bb61.dir/build.make CMakeFiles/cmTC_2bb61.dir/build
make[1]: Entering directory '/home/pml-omni/ros1_ws/src/driver-oak_ffc_4p_ros/build/CMakeFiles/CMakeTmp'
Building C object CMakeFiles/cmTC_2bb61.dir/src.c.o
/usr/bin/cc   -DCMAKE_HAVE_LIBC_PTHREAD   -o CMakeFiles/cmTC_2bb61.dir/src.c.o   -c /home/pml-omni/ros1_ws/src/driver-oak_ffc_4p_ros/build/CMakeFiles/CMakeTmp/src.c
Linking C executable cmTC_2bb61
/usr/bin/cmake -E cmake_link_script CMakeFiles/cmTC_2bb61.dir/link.txt --verbose=1
/usr/bin/cc  -DCMAKE_HAVE_LIBC_PTHREAD    -rdynamic CMakeFiles/cmTC_2bb61.dir/src.c.o  -o cmTC_2bb61 
/usr/bin/ld: CMakeFiles/cmTC_2bb61.dir/src.c.o: in function `main':
src.c:(.text+0x48): undefined reference to `pthread_create'
/usr/bin/ld: src.c:(.text+0x50): undefined reference to `pthread_detach'
/usr/bin/ld: src.c:(.text+0x5c): undefined reference to `pthread_join'
collect2: error: ld returned 1 exit status
make[1]: *** [CMakeFiles/cmTC_2bb61.dir/build.make:87: cmTC_2bb61] Error 1
make[1]: Leaving directory '/home/pml-omni/ros1_ws/src/driver-oak_ffc_4p_ros/build/CMakeFiles/CMakeTmp'
make: *** [Makefile:121: cmTC_2bb61/fast] Error 2


Source file was:
#include <pthread.h>

void* test_func(void* data)
{
  return data;
}

int main(void)
{
  pthread_t thread;
  pthread_create(&thread, NULL, test_func, NULL);
  pthread_detach(thread);
  pthread_join(thread, NULL);
  pthread_atfork(NULL, NULL, NULL);
  pthread_exit(NULL);

  return 0;
}

Determining if the function pthread_create exists in the pthreads failed with the following output:
Change Dir: /home/pml-omni/ros1_ws/src/driver-oak_ffc_4p_ros/build/CMakeFiles/CMakeTmp

Run Build Command(s):/usr/bin/make cmTC_e236f/fast && /usr/bin/make -f CMakeFiles/cmTC_e236f.dir/build.make CMakeFiles/cmTC_e236f.dir/build
make[1]: Entering directory '/home/pml-omni/ros1_ws/src/driver-oak_ffc_4p_ros/build/CMakeFiles/CMakeTmp'
Building C object CMakeFiles/cmTC_e236f.dir/CheckFunctionExists.c.o
/usr/bin/cc   -DCHECK_FUNCTION_EXISTS=pthread_create   -o CMakeFiles/cmTC_e236f.dir/CheckFunctionExists.c.o   -c /usr/share/cmake-3.16/Modules/CheckFunctionExists.c
Linking C executable cmTC_e236f
/usr/bin/cmake -E cmake_link_script CMakeFiles/cmTC_e236f.dir/link.txt --verbose=1
/usr/bin/cc  -DCHECK_FUNCTION_EXISTS=pthread_create    -rdynamic CMakeFiles/cmTC_e236f.dir/CheckFunctionExists.c.o  -o cmTC_e236f  -lpthreads 
/usr/bin/ld: cannot find -lpthreads
collect2: error: ld returned 1 exit status
make[1]: *** [CMakeFiles/cmTC_e236f.dir/build.make:87: cmTC_e236f] Error 1
make[1]: Leaving directory '/home/pml-omni/ros1_ws/src/driver-oak_ffc_4p_ros/build/CMakeFiles/CMakeTmp'
make: *** [Makefile:121: cmTC_e236f/fast] Error 2



Performing C SOURCE FILE Test CMAKE_HAVE_LIBC_PTHREAD failed with the following output:
Change Dir: /home/pml-omni/ros1_ws/src/driver-oak_ffc_4p_ros/build/CMakeFiles/CMakeTmp

Run Build Command(s):/usr/bin/make cmTC_95e47/fast && /usr/bin/make -f CMakeFiles/cmTC_95e47.dir/build.make CMakeFiles/cmTC_95e47.dir/build
make[1]: Entering directory '/home/pml-omni/ros1_ws/src/driver-oak_ffc_4p_ros/build/CMakeFiles/CMakeTmp'
Building C object CMakeFiles/cmTC_95e47.dir/src.c.o
/usr/bin/cc   -DCMAKE_HAVE_LIBC_PTHREAD   -o CMakeFiles/cmTC_95e47.dir/src.c.o   -c /home/pml-omni/ros1_ws/src/driver-oak_ffc_4p_ros/build/CMakeFiles/CMakeTmp/src.c
Linking C executable cmTC_95e47
/usr/bin/cmake -E cmake_link_script CMakeFiles/cmTC_95e47.dir/link.txt --verbose=1
/usr/bin/cc  -DCMAKE_HAVE_LIBC_PTHREAD    -rdynamic CMakeFiles/cmTC_95e47.dir/src.c.o  -o cmTC_95e47 
/usr/bin/ld: CMakeFiles/cmTC_95e47.dir/src.c.o: in function `main':
src.c:(.text+0x48): undefined reference to `pthread_create'
/usr/bin/ld: src.c:(.text+0x50): undefined reference to `pthread_detach'
/usr/bin/ld: src.c:(.text+0x5c): undefined reference to `pthread_join'
collect2: error: ld returned 1 exit status
make[1]: *** [CMakeFiles/cmTC_95e47.dir/build.make:87: cmTC_95e47] Error 1
make[1]: Leaving directory '/home/pml-omni/ros1_ws/src/driver-oak_ffc_4p_ros/build/CMakeFiles/CMakeTmp'
make: *** [Makefile:121: cmTC_95e47/fast] Error 2


Source file was:
#include <pthread.h>

void* test_func(void* data)
{
  return data;
}

int main(void)
{
  pthread_t thread;
  pthread_create(&thread, NULL, test_func, NULL);
  pthread_detach(thread);
  pthread_join(thread, NULL);
  pthread_atfork(NULL, NULL, NULL);
  pthread_exit(NULL);

  return 0;
}

Determining if the function pthread_create exists in the pthreads failed with the following output:
Change Dir: /home/pml-omni/ros1_ws/src/driver-oak_ffc_4p_ros/build/CMakeFiles/CMakeTmp

Run Build Command(s):/usr/bin/make cmTC_e985c/fast && /usr/bin/make -f CMakeFiles/cmTC_e985c.dir/build.make CMakeFiles/cmTC_e985c.dir/build
make[1]: Entering directory '/home/pml-omni/ros1_ws/src/driver-oak_ffc_4p_ros/build/CMakeFiles/CMakeTmp'
Building C object CMakeFiles/cmTC_e985c.dir/CheckFunctionExists.c.o
/usr/bin/cc   -DCHECK_FUNCTION_EXISTS=pthread_create   -o CMakeFiles/cmTC_e985c.dir/CheckFunctionExists.c.o   -c /usr/share/cmake-3.16/Modules/CheckFunctionExists.c
Linking C executable cmTC_e985c
/usr/bin/cmake -E cmake_link_script CMakeFiles/cmTC_e985c.dir/link.txt --verbose=1
/usr/bin/cc  -DCHECK_FUNCTION_EXISTS=pthread_create    -rdynamic CMakeFiles/cmTC_e985c.dir/CheckFunctionExists.c.o  -o cmTC_e985c  -lpthreads 
/usr/bin/ld: cannot find -lpthreads
collect2: error: ld returned 1 exit status
make[1]: *** [CMakeFiles/cmTC_e985c.dir/build.make:87: cmTC_e985c] Error 1
make[1]: Leaving directory '/home/pml-omni/ros1_ws/src/driver-oak_ffc_4p_ros/build/CMakeFiles/CMakeTmp'
make: *** [Makefile:121: cmTC_e985c/fast] Error 2



Performing C SOURCE FILE Test CMAKE_HAVE_LIBC_PTHREAD failed with the following output:
Change Dir: /home/pml-omni/ros1_ws/src/driver-oak_ffc_4p_ros/build/CMakeFiles/CMakeTmp

Run Build Command(s):/usr/bin/make cmTC_a5d58/fast && /usr/bin/make -f CMakeFiles/cmTC_a5d58.dir/build.make CMakeFiles/cmTC_a5d58.dir/build
make[1]: Entering directory '/home/pml-omni/ros1_ws/src/driver-oak_ffc_4p_ros/build/CMakeFiles/CMakeTmp'
Building C object CMakeFiles/cmTC_a5d58.dir/src.c.o
/usr/bin/cc   -DCMAKE_HAVE_LIBC_PTHREAD   -o CMakeFiles/cmTC_a5d58.dir/src.c.o   -c /home/pml-omni/ros1_ws/src/driver-oak_ffc_4p_ros/build/CMakeFiles/CMakeTmp/src.c
Linking C executable cmTC_a5d58
/usr/bin/cmake -E cmake_link_script CMakeFiles/cmTC_a5d58.dir/link.txt --verbose=1
/usr/bin/cc  -DCMAKE_HAVE_LIBC_PTHREAD    -rdynamic CMakeFiles/cmTC_a5d58.dir/src.c.o  -o cmTC_a5d58 
/usr/bin/ld: CMakeFiles/cmTC_a5d58.dir/src.c.o: in function `main':
src.c:(.text+0x48): undefined reference to `pthread_create'
/usr/bin/ld: src.c:(.text+0x50): undefined reference to `pthread_detach'
/usr/bin/ld: src.c:(.text+0x5c): undefined reference to `pthread_join'
collect2: error: ld returned 1 exit status
make[1]: *** [CMakeFiles/cmTC_a5d58.dir/build.make:87: cmTC_a5d58] Error 1
make[1]: Leaving directory '/home/pml-omni/ros1_ws/src/driver-oak_ffc_4p_ros/build/CMakeFiles/CMakeTmp'
make: *** [Makefile:121: cmTC_a5d58/fast] Error 2


Source file was:
#include <pthread.h>

void* test_func(void* data)
{
  return data;
}

int main(void)
{
  pthread_t thread;
  pthread_create(&thread, NULL, test_func, NULL);
  pthread_detach(thread);
  pthread_join(thread, NULL);
  pthread_atfork(NULL, NULL, NULL);
  pthread_exit(NULL);

  return 0;
}

Determining if the function pthread_create exists in the pthreads failed with the following output:
Change Dir: /home/pml-omni/ros1_ws/src/driver-oak_ffc_4p_ros/build/CMakeFiles/CMakeTmp

Run Build Command(s):/usr/bin/make cmTC_97062/fast && /usr/bin/make -f CMakeFiles/cmTC_97062.dir/build.make CMakeFiles/cmTC_97062.dir/build
make[1]: Entering directory '/home/pml-omni/ros1_ws/src/driver-oak_ffc_4p_ros/build/CMakeFiles/CMakeTmp'
Building C object CMakeFiles/cmTC_97062.dir/CheckFunctionExists.c.o
/usr/bin/cc   -DCHECK_FUNCTION_EXISTS=pthread_create   -o CMakeFiles/cmTC_97062.dir/CheckFunctionExists.c.o   -c /usr/share/cmake-3.16/Modules/CheckFunctionExists.c
Linking C executable cmTC_97062
/usr/bin/cmake -E cmake_link_script CMakeFiles/cmTC_97062.dir/link.txt --verbose=1
/usr/bin/cc  -DCHECK_FUNCTION_EXISTS=pthread_create    -rdynamic CMakeFiles/cmTC_97062.dir/CheckFunctionExists.c.o  -o cmTC_97062  -lpthreads 
/usr/bin/ld: cannot find -lpthreads
collect2: error: ld returned 1 exit status
make[1]: *** [CMakeFiles/cmTC_97062.dir/build.make:87: cmTC_97062] Error 1
make[1]: Leaving directory '/home/pml-omni/ros1_ws/src/driver-oak_ffc_4p_ros/build/CMakeFiles/CMakeTmp'
make: *** [Makefile:121: cmTC_97062/fast] Error 2



Performing C SOURCE FILE Test CMAKE_HAVE_LIBC_PTHREAD failed with the following output:
Change Dir: /home/pml-omni/ros1_ws/src/driver-oak_ffc_4p_ros/build/CMakeFiles/CMakeTmp

Run Build Command(s):/usr/bin/make cmTC_a1952/fast && /usr/bin/make -f CMakeFiles/cmTC_a1952.dir/build.make CMakeFiles/cmTC_a1952.dir/build
make[1]: Entering directory '/home/pml-omni/ros1_ws/src/driver-oak_ffc_4p_ros/build/CMakeFiles/CMakeTmp'
Building C object CMakeFiles/cmTC_a1952.dir/src.c.o
/usr/bin/cc   -DCMAKE_HAVE_LIBC_PTHREAD   -o CMakeFiles/cmTC_a1952.dir/src.c.o   -c /home/pml-omni/ros1_ws/src/driver-oak_ffc_4p_ros/build/CMakeFiles/CMakeTmp/src.c
Linking C executable cmTC_a1952
/usr/bin/cmake -E cmake_link_script CMakeFiles/cmTC_a1952.dir/link.txt --verbose=1
/usr/bin/cc  -DCMAKE_HAVE_LIBC_PTHREAD    -rdynamic CMakeFiles/cmTC_a1952.dir/src.c.o  -o cmTC_a1952 
/usr/bin/ld: CMakeFiles/cmTC_a1952.dir/src.c.o: in function `main':
src.c:(.text+0x48): undefined reference to `pthread_create'
/usr/bin/ld: src.c:(.text+0x50): undefined reference to `pthread_detach'
/usr/bin/ld: src.c:(.text+0x5c): undefined reference to `pthread_join'
collect2: error: ld returned 1 exit status
make[1]: *** [CMakeFiles/cmTC_a1952.dir/build.make:87: cmTC_a1952] Error 1
make[1]: Leaving directory '/home/pml-omni/ros1_ws/src/driver-oak_ffc_4p_ros/build/CMakeFiles/CMakeTmp'
make: *** [Makefile:121: cmTC_a1952/fast] Error 2


Source file was:
#include <pthread.h>

void* test_func(void* data)
{
  return data;
}

int main(void)
{
  pthread_t thread;
  pthread_create(&thread, NULL, test_func, NULL);
  pthread_detach(thread);
  pthread_join(thread, NULL);
  pthread_atfork(NULL, NULL, NULL);
  pthread_exit(NULL);

  return 0;
}

Determining if the function pthread_create exists in the pthreads failed with the following output:
Change Dir: /home/pml-omni/ros1_ws/src/driver-oak_ffc_4p_ros/build/CMakeFiles/CMakeTmp

Run Build Command(s):/usr/bin/make cmTC_ff4e2/fast && /usr/bin/make -f CMakeFiles/cmTC_ff4e2.dir/build.make CMakeFiles/cmTC_ff4e2.dir/build
make[1]: Entering directory '/home/pml-omni/ros1_ws/src/driver-oak_ffc_4p_ros/build/CMakeFiles/CMakeTmp'
Building C object CMakeFiles/cmTC_ff4e2.dir/CheckFunctionExists.c.o
/usr/bin/cc   -DCHECK_FUNCTION_EXISTS=pthread_create   -o CMakeFiles/cmTC_ff4e2.dir/CheckFunctionExists.c.o   -c /usr/share/cmake-3.16/Modules/CheckFunctionExists.c
Linking C executable cmTC_ff4e2
/usr/bin/cmake -E cmake_link_script CMakeFiles/cmTC_ff4e2.dir/link.txt --verbose=1
/usr/bin/cc  -DCHECK_FUNCTION_EXISTS=pthread_create    -rdynamic CMakeFiles/cmTC_ff4e2.dir/CheckFunctionExists.c.o  -o cmTC_ff4e2  -lpthreads 
/usr/bin/ld: cannot find -lpthreads
collect2: error: ld returned 1 exit status
make[1]: *** [CMakeFiles/cmTC_ff4e2.dir/build.make:87: cmTC_ff4e2] Error 1
make[1]: Leaving directory '/home/pml-omni/ros1_ws/src/driver-oak_ffc_4p_ros/build/CMakeFiles/CMakeTmp'
make: *** [Makefile:121: cmTC_ff4e2/fast] Error 2



Performing C SOURCE FILE Test CMAKE_HAVE_LIBC_PTHREAD failed with the following output:
Change Dir: /home/pml-omni/ros1_ws/src/driver-oak_ffc_4p_ros/build/CMakeFiles/CMakeTmp

Run Build Command(s):/usr/bin/make cmTC_8a455/fast && /usr/bin/make -f CMakeFiles/cmTC_8a455.dir/build.make CMakeFiles/cmTC_8a455.dir/build
make[1]: Entering directory '/home/pml-omni/ros1_ws/src/driver-oak_ffc_4p_ros/build/CMakeFiles/CMakeTmp'
Building C object CMakeFiles/cmTC_8a455.dir/src.c.o
/usr/bin/cc   -DCMAKE_HAVE_LIBC_PTHREAD   -o CMakeFiles/cmTC_8a455.dir/src.c.o   -c /home/pml-omni/ros1_ws/src/driver-oak_ffc_4p_ros/build/CMakeFiles/CMakeTmp/src.c
Linking C executable cmTC_8a455
/usr/bin/cmake -E cmake_link_script CMakeFiles/cmTC_8a455.dir/link.txt --verbose=1
/usr/bin/cc  -DCMAKE_HAVE_LIBC_PTHREAD    -rdynamic CMakeFiles/cmTC_8a455.dir/src.c.o  -o cmTC_8a455 
/usr/bin/ld: CMakeFiles/cmTC_8a455.dir/src.c.o: in function `main':
src.c:(.text+0x48): undefined reference to `pthread_create'
/usr/bin/ld: src.c:(.text+0x50): undefined reference to `pthread_detach'
/usr/bin/ld: src.c:(.text+0x5c): undefined reference to `pthread_join'
collect2: error: ld returned 1 exit status
make[1]: *** [CMakeFiles/cmTC_8a455.dir/build.make:87: cmTC_8a455] Error 1
make[1]: Leaving directory '/home/pml-omni/ros1_ws/src/driver-oak_ffc_4p_ros/build/CMakeFiles/CMakeTmp'
make: *** [Makefile:121: cmTC_8a455/fast] Error 2


Source file was:
#include <pthread.h>

void* test_func(void* data)
{
  return data;
}

int main(void)
{
  pthread_t thread;
  pthread_create(&thread, NULL, test_func, NULL);
  pthread_detach(thread);
  pthread_join(thread, NULL);
  pthread_atfork(NULL, NULL, NULL);
  pthread_exit(NULL);

  return 0;
}

Determining if the function pthread_create exists in the pthreads failed with the following output:
Change Dir: /home/pml-omni/ros1_ws/src/driver-oak_ffc_4p_ros/build/CMakeFiles/CMakeTmp

Run Build Command(s):/usr/bin/make cmTC_1c62c/fast && /usr/bin/make -f CMakeFiles/cmTC_1c62c.dir/build.make CMakeFiles/cmTC_1c62c.dir/build
make[1]: Entering directory '/home/pml-omni/ros1_ws/src/driver-oak_ffc_4p_ros/build/CMakeFiles/CMakeTmp'
Building C object CMakeFiles/cmTC_1c62c.dir/CheckFunctionExists.c.o
/usr/bin/cc   -DCHECK_FUNCTION_EXISTS=pthread_create   -o CMakeFiles/cmTC_1c62c.dir/CheckFunctionExists.c.o   -c /usr/share/cmake-3.16/Modules/CheckFunctionExists.c
Linking C executable cmTC_1c62c
/usr/bin/cmake -E cmake_link_script CMakeFiles/cmTC_1c62c.dir/link.txt --verbose=1
/usr/bin/cc  -DCHECK_FUNCTION_EXISTS=pthread_create    -rdynamic CMakeFiles/cmTC_1c62c.dir/CheckFunctionExists.c.o  -o cmTC_1c62c  -lpthreads 
/usr/bin/ld: cannot find -lpthreads
collect2: error: ld returned 1 exit status
make[1]: *** [CMakeFiles/cmTC_1c62c.dir/build.make:87: cmTC_1c62c] Error 1
make[1]: Leaving directory '/home/pml-omni/ros1_ws/src/driver-oak_ffc_4p_ros/build/CMakeFiles/CMakeTmp'
make: *** [Makefile:121: cmTC_1c62c/fast] Error 2



